# JRE version: OpenJDK Runtime Environment (11.0.19+7) (build 11.0.19+7-post-Ubuntu-0ubuntu120.04.1)
# Java VM: OpenJDK 64-Bit Server VM (11.0.19+7-post-Ubuntu-0ubuntu120.04.1, mixed mode, sharing, tiered, compressed oops, g1 gc, linux-amd64)
Heap:
 garbage-first heap   total 27648K, used 12278K [0x00000000e0000000, 0x0000000100000000)
  region size 1024K, 2 young (2048K), 1 survivors (1024K)
 Metaspace       used 10357K, capacity 10611K, committed 10880K, reserved 1058816K
  class space    used 1003K, capacity 1114K, committed 1152K, reserved 1048576K
GC Heap History (18 events):
Event: 1601.488 GC heap before
{Heap before GC invocations=0 (full 0):
 garbage-first heap   total 524288K, used 17096K [0x00000000e0000000, 0x0000000100000000)
  region size 1024K, 18 young (18432K), 0 survivors (0K)
 Metaspace       used 9407K, capacity 9696K, committed 10112K, reserved 1058816K
  class space    used 962K, capacity 1067K, committed 1152K, reserved 1048576K
}
Event: 1601.565 GC heap after
{Heap after GC invocations=1 (full 1):
 garbage-first heap   total 27648K, used 3600K [0x00000000e0000000, 0x0000000100000000)
  region size 1024K, 0 young (0K), 0 survivors (0K)
 Metaspace       used 9407K, capacity 9696K, committed 10112K, reserved 1058816K
  class space    used 962K, capacity 1067K, committed 1152K, reserved 1048576K
}
Event: 1601.856 GC heap before
{Heap before GC invocations=1 (full 1):
 garbage-first heap   total 27648K, used 13840K [0x00000000e0000000, 0x0000000100000000)
  region size 1024K, 8 young (8192K), 0 survivors (0K)
 Metaspace       used 9647K, capacity 9952K, committed 10368K, reserved 1058816K
  class space    used 964K, capacity 1067K, committed 1152K, reserved 1048576K
}
Event: 1601.871 GC heap after
{Heap after GC invocations=2 (full 1):
 garbage-first heap   total 27648K, used 8673K [0x00000000e0000000, 0x0000000100000000)
  region size 1024K, 1 young (1024K), 1 survivors (1024K)
 Metaspace       used 9647K, capacity 9952K, committed 10368K, reserved 1058816K
  class space    used 964K, capacity 1067K, committed 1152K, reserved 1048576K
}
Event: 1601.891 GC heap before
{Heap before GC invocations=2 (full 1):
 garbage-first heap   total 27648K, used 11745K [0x00000000e0000000, 0x0000000100000000)
  region size 1024K, 5 young (5120K), 1 survivors (1024K)
 Metaspace       used 9657K, capacity 9952K, committed 10368K, reserved 1058816K
  class space    used 964K, capacity 1067K, committed 1152K, reserved 1048576K
}
Event: 1601.909 GC heap after
{Heap after GC invocations=3 (full 1):
 garbage-first heap   total 27648K, used 10155K [0x00000000e0000000, 0x0000000100000000)
  region size 1024K, 1 young (1024K), 1 survivors (1024K)
 Metaspace       used 9657K, capacity 9952K, committed 10368K, reserved 1058816K
  class space    used 964K, capacity 1067K, committed 1152K, reserved 1048576K
}
Event: 1601.935 GC heap before
{Heap before GC invocations=3 (full 1):
 garbage-first heap   total 27648K, used 13227K [0x00000000e0000000, 0x0000000100000000)
  region size 1024K, 4 young (4096K), 1 survivors (1024K)
 Metaspace       used 9661K, capacity 9952K, committed 10368K, reserved 1058816K
  class space    used 964K, capacity 1067K, committed 1152K, reserved 1048576K
}
Event: 1601.959 GC heap after
{Heap after GC invocations=4 (full 1):
 garbage-first heap   total 27648K, used 11300K [0x00000000e0000000, 0x0000000100000000)
  region size 1024K, 1 young (1024K), 1 survivors (1024K)
 Metaspace       used 9661K, capacity 9952K, committed 10368K, reserved 1058816K
  class space    used 964K, capacity 1067K, committed 1152K, reserved 1048576K
}
Event: 1601.999 GC heap before
{Heap before GC invocations=4 (full 1):
 garbage-first heap   total 27648K, used 14372K [0x00000000e0000000, 0x0000000100000000)
  region size 1024K, 4 young (4096K), 1 survivors (1024K)
 Metaspace       used 9665K, capacity 9952K, committed 10368K, reserved 1058816K
  class space    used 964K, capacity 1067K, committed 1152K, reserved 1048576K
}
Event: 1602.024 GC heap after
{Heap after GC invocations=5 (full 1):
 garbage-first heap   total 27648K, used 12459K [0x00000000e0000000, 0x0000000100000000)
  region size 1024K, 1 young (1024K), 1 survivors (1024K)
 Metaspace       used 9665K, capacity 9952K, committed 10368K, reserved 1058816K
  class space    used 964K, capacity 1067K, committed 1152K, reserved 1048576K
}
Event: 1602.096 GC heap before
{Heap before GC invocations=6 (full 1):
 garbage-first heap   total 27648K, used 15531K [0x00000000e0000000, 0x0000000100000000)
  region size 1024K, 4 young (4096K), 1 survivors (1024K)
 Metaspace       used 9631K, capacity 9898K, committed 10368K, reserved 1058816K
  class space    used 954K, capacity 1047K, committed 1152K, reserved 1048576K
}
Event: 1602.105 GC heap after
{Heap after GC invocations=7 (full 1):
 garbage-first heap   total 27648K, used 13623K [0x00000000e0000000, 0x0000000100000000)
  region size 1024K, 1 young (1024K), 1 survivors (1024K)
 Metaspace       used 9631K, capacity 9898K, committed 10368K, reserved 1058816K
  class space    used 954K, capacity 1047K, committed 1152K, reserved 1048576K
}
Event: 1629.029 GC heap before
{Heap before GC invocations=7 (full 1):
 garbage-first heap   total 27648K, used 14647K [0x00000000e0000000, 0x0000000100000000)
  region size 1024K, 2 young (2048K), 1 survivors (1024K)
 Metaspace       used 9642K, capacity 9898K, committed 10368K, reserved 1058816K
  class space    used 954K, capacity 1047K, committed 1152K, reserved 1048576K
}
Event: 1629.039 GC heap after
{Heap after GC invocations=8 (full 1):
 garbage-first heap   total 27648K, used 12816K [0x00000000e0000000, 0x0000000100000000)
  region size 1024K, 1 young (1024K), 1 survivors (1024K)
 Metaspace       used 9642K, capacity 9898K, committed 10368K, reserved 1058816K
  class space    used 954K, capacity 1047K, committed 1152K, reserved 1048576K
}
Event: 1629.161 GC heap before
{Heap before GC invocations=8 (full 1):
 garbage-first heap   total 27648K, used 13840K [0x00000000e0000000, 0x0000000100000000)
  region size 1024K, 2 young (2048K), 1 survivors (1024K)
 Metaspace       used 10211K, capacity 10482K, committed 10880K, reserved 1058816K
  class space    used 1000K, capacity 1114K, committed 1152K, reserved 1048576K
}
Event: 1629.168 GC heap after
{Heap after GC invocations=9 (full 1):
 garbage-first heap   total 27648K, used 12165K [0x00000000e0000000, 0x0000000100000000)
  region size 1024K, 1 young (1024K), 1 survivors (1024K)
 Metaspace       used 10211K, capacity 10482K, committed 10880K, reserved 1058816K
  class space    used 1000K, capacity 1114K, committed 1152K, reserved 1048576K
}
Event: 1635.577 GC heap before
{Heap before GC invocations=9 (full 1):
 garbage-first heap   total 27648K, used 13189K [0x00000000e0000000, 0x0000000100000000)
  region size 1024K, 2 young (2048K), 1 survivors (1024K)
 Metaspace       used 10354K, capacity 10611K, committed 10880K, reserved 1058816K
  class space    used 1003K, capacity 1114K, committed 1152K, reserved 1048576K
}
Event: 1635.596 GC heap after
{Heap after GC invocations=10 (full 1):
 garbage-first heap   total 27648K, used 12278K [0x00000000e0000000, 0x0000000100000000)
  region size 1024K, 1 young (1024K), 1 survivors (1024K)
 Metaspace       used 10354K, capacity 10611K, committed 10880K, reserved 1058816K
  class space    used 1003K, capacity 1114K, committed 1152K, reserved 1048576K
}

